04:14:06.884 [main] INFO  MobileProgrammingLLC.Tests.Listeners - 
--------------------Test1--------------------

04:14:06.905 [main] INFO  MobileProgrammingLLC.Tests.Amazon_SigningIn - Initializing Configurations...
04:14:06.906 [main] DEBUG MobileProgrammingLLC.Resources.Base - Loading locators...
04:14:06.906 [main] INFO  MobileProgrammingLLC.Resources.Base - Locators successfully loaded.
04:14:06.906 [main] DEBUG MobileProgrammingLLC.Resources.Base - Loading config file...
04:14:06.906 [main] INFO  MobileProgrammingLLC.Resources.Base - Config file successfully loaded.
04:14:06.906 [main] DEBUG MobileProgrammingLLC.Resources.Base - Loading data...
04:14:06.906 [main] INFO  MobileProgrammingLLC.Resources.Base - Data successfully loaded.
04:14:06.954 [main] DEBUG MobileProgrammingLLC.Resources.Base - Starting Appium Server...
04:14:17.431 [main] INFO  MobileProgrammingLLC.Resources.Base - Server successfully started.
04:14:17.431 [main] DEBUG MobileProgrammingLLC.Resources.Base - Setting Capabilities...
04:14:17.434 [main] INFO  MobileProgrammingLLC.Resources.Base - Capabilities Successfully set.
04:14:17.434 [main] DEBUG MobileProgrammingLLC.Resources.Base - Invoking the Browser...
04:14:17.434 [main] INFO  MobileProgrammingLLC.Resources.Base - Browser successfully invoked.
04:14:17.435 [main] DEBUG MobileProgrammingLLC.Resources.Base - Creating connection with Appium Server...
04:14:55.356 [main] INFO  MobileProgrammingLLC.Resources.Base - Connection successfully created.
04:14:55.381 [main] DEBUG MobileProgrammingLLC.Resources.Base - Attempting to get navigated to URL: "http://www.amazon.in"...
04:15:01.693 [main] INFO  MobileProgrammingLLC.Resources.Base - Navigation to site "http://www.amazon.in" successful.
04:15:01.759 [main] INFO  MobileProgrammingLLC.Tests.Amazon_SigningIn - Configurations Successfully Initialized.
04:15:01.785 [main] INFO  MobileProgrammingLLC.Tests.Listeners - 
--------------------navigateToSignInPage--------------------

04:15:03.047 [main] DEBUG MobileProgrammingLLC.Resources.Base - Attempting to click on element: '[[io.appium.java_client.ios.IOSDriver, Capabilities: {automationName=XCuiTest, browserName=safari, databaseEnabled=false, deviceName=iPhone 8 Plus, javascriptEnabled=true, locationContextEnabled=false, networkConnectionEnabled=false, platform=MAC, platformName=iOS, platformVersion=11.3, takesScreenshot=true, udid=D4974371-3929-4089-A2D6-3781D8B5910B, webStorageEnabled=false}] -> xpath: //a[@id='nav-hamburger-menu']]'...
04:15:04.344 [main] INFO  MobileProgrammingLLC.Resources.Base - Element '[[io.appium.java_client.ios.IOSDriver, Capabilities: {automationName=XCuiTest, browserName=safari, databaseEnabled=false, deviceName=iPhone 8 Plus, javascriptEnabled=true, locationContextEnabled=false, networkConnectionEnabled=false, platform=MAC, platformName=iOS, platformVersion=11.3, takesScreenshot=true, udid=D4974371-3929-4089-A2D6-3781D8B5910B, webStorageEnabled=false}] -> xpath: //a[@id='nav-hamburger-menu']]' successfully clicked.
04:15:04.344 [main] DEBUG MobileProgrammingLLC.Resources.Base - Trying to scroll the page...
04:15:04.492 [main] INFO  MobileProgrammingLLC.Resources.Base - Page Scrolled Successfully.
04:15:04.493 [main] WARN  MobileProgrammingLLC.Resources.Base - Sleep feature used. Liberal usage not advised.
04:15:09.295 [main] DEBUG MobileProgrammingLLC.Resources.Base - Attempting to click on element: '[[io.appium.java_client.ios.IOSDriver, Capabilities: {automationName=XCuiTest, browserName=safari, databaseEnabled=false, deviceName=iPhone 8 Plus, javascriptEnabled=true, locationContextEnabled=false, networkConnectionEnabled=false, platform=MAC, platformName=iOS, platformVersion=11.3, takesScreenshot=true, udid=D4974371-3929-4089-A2D6-3781D8B5910B, webStorageEnabled=false}] -> xpath: //div[text()='
              Sign In
            ']]'...
04:15:09.661 [main] INFO  MobileProgrammingLLC.Resources.Base - Element '[[io.appium.java_client.ios.IOSDriver, Capabilities: {automationName=XCuiTest, browserName=safari, databaseEnabled=false, deviceName=iPhone 8 Plus, javascriptEnabled=true, locationContextEnabled=false, networkConnectionEnabled=false, platform=MAC, platformName=iOS, platformVersion=11.3, takesScreenshot=true, udid=D4974371-3929-4089-A2D6-3781D8B5910B, webStorageEnabled=false}] -> xpath: //div[text()='
              Sign In
            ']]' successfully clicked.
04:15:09.661 [main] INFO  MobileProgrammingLLC.Tests.Listeners - Script 'navigateToSignInPage' passed.
04:15:09.665 [main] INFO  MobileProgrammingLLC.Tests.Listeners - 
--------------------verifySignInErrorMsg--------------------

04:15:11.499 [main] DEBUG MobileProgrammingLLC.Resources.Base - Attempting to send "love.vashista@mobileprogramming.net" to element "[[io.appium.java_client.ios.IOSDriver, Capabilities: {automationName=XCuiTest, browserName=safari, databaseEnabled=false, deviceName=iPhone 8 Plus, javascriptEnabled=true, locationContextEnabled=false, networkConnectionEnabled=false, platform=MAC, platformName=iOS, platformVersion=11.3, takesScreenshot=true, udid=D4974371-3929-4089-A2D6-3781D8B5910B, webStorageEnabled=false}] -> id: ap_email_login]"...
04:15:12.125 [main] INFO  MobileProgrammingLLC.Resources.Base - Content "love.vashista@mobileprogramming.net" entered successfully into element "[[io.appium.java_client.ios.IOSDriver, Capabilities: {automationName=XCuiTest, browserName=safari, databaseEnabled=false, deviceName=iPhone 8 Plus, javascriptEnabled=true, locationContextEnabled=false, networkConnectionEnabled=false, platform=MAC, platformName=iOS, platformVersion=11.3, takesScreenshot=true, udid=D4974371-3929-4089-A2D6-3781D8B5910B, webStorageEnabled=false}] -> id: ap_email_login]"
04:15:12.125 [main] WARN  MobileProgrammingLLC.Resources.Base - Sleep feature used. Liberal usage not advised.
04:15:16.070 [main] DEBUG MobileProgrammingLLC.Resources.Base - Attempting to click on element: '[[io.appium.java_client.ios.IOSDriver, Capabilities: {automationName=XCuiTest, browserName=safari, databaseEnabled=false, deviceName=iPhone 8 Plus, javascriptEnabled=true, locationContextEnabled=false, networkConnectionEnabled=false, platform=MAC, platformName=iOS, platformVersion=11.3, takesScreenshot=true, udid=D4974371-3929-4089-A2D6-3781D8B5910B, webStorageEnabled=false}] -> xpath: //input[@aria-labelledby='continue-announce']]'...
04:15:16.477 [main] INFO  MobileProgrammingLLC.Resources.Base - Element '[[io.appium.java_client.ios.IOSDriver, Capabilities: {automationName=XCuiTest, browserName=safari, databaseEnabled=false, deviceName=iPhone 8 Plus, javascriptEnabled=true, locationContextEnabled=false, networkConnectionEnabled=false, platform=MAC, platformName=iOS, platformVersion=11.3, takesScreenshot=true, udid=D4974371-3929-4089-A2D6-3781D8B5910B, webStorageEnabled=false}] -> xpath: //input[@aria-labelledby='continue-announce']]' successfully clicked.
04:15:18.006 [main] DEBUG MobileProgrammingLLC.Resources.Base - Attempting to compare content returned by "[[io.appium.java_client.ios.IOSDriver, Capabilities: {automationName=XCuiTest, browserName=safari, databaseEnabled=false, deviceName=iPhone 8 Plus, javascriptEnabled=true, locationContextEnabled=false, networkConnectionEnabled=false, platform=MAC, platformName=iOS, platformVersion=11.3, takesScreenshot=true, udid=D4974371-3929-4089-A2D6-3781D8B5910B, webStorageEnabled=false}] -> css selector: span.a-list-item]" from "We cannot find an account with that email address" ...
04:15:18.113 [main] INFO  MobileProgrammingLLC.Resources.Base - Comparison Successful!
04:15:18.114 [main] INFO  MobileProgrammingLLC.Tests.Listeners - Script 'verifySignInErrorMsg' passed.
04:15:18.114 [main] DEBUG MobileProgrammingLLC.Resources.Base - Attempting to quit the driver...
04:15:18.455 [main] INFO  MobileProgrammingLLC.Resources.Base - Driver successfully quitted.
04:15:18.484 [main] DEBUG MobileProgrammingLLC.Resources.Base - Loading locators...
04:15:18.484 [main] INFO  MobileProgrammingLLC.Resources.Base - Locators successfully loaded.
04:15:18.484 [main] DEBUG MobileProgrammingLLC.Resources.Base - Loading config file...
04:15:18.485 [main] INFO  MobileProgrammingLLC.Resources.Base - Config file successfully loaded.
04:15:18.485 [main] DEBUG MobileProgrammingLLC.Resources.Base - Loading data...
04:15:18.485 [main] INFO  MobileProgrammingLLC.Resources.Base - Data successfully loaded.
04:15:18.511 [main] DEBUG MobileProgrammingLLC.Resources.Base - Starting Appium Server...
04:15:28.286 [main] INFO  MobileProgrammingLLC.Resources.Base - Server successfully started.
04:15:28.287 [main] DEBUG MobileProgrammingLLC.Resources.Base - Setting Capabilities...
04:15:28.287 [main] INFO  MobileProgrammingLLC.Resources.Base - Capabilities Successfully set.
04:15:28.287 [main] DEBUG MobileProgrammingLLC.Resources.Base - Invoking the Browser...
04:15:28.287 [main] INFO  MobileProgrammingLLC.Resources.Base - Browser successfully invoked.
04:15:28.287 [main] DEBUG MobileProgrammingLLC.Resources.Base - Creating connection with Appium Server...
04:15:38.056 [main] INFO  MobileProgrammingLLC.Resources.Base - Connection successfully created.
04:15:38.078 [main] INFO  MobileProgrammingLLC.Tests.Listeners - 
--------------------validatingAddToCartFunctionality--------------------

04:15:38.078 [main] DEBUG MobileProgrammingLLC.Resources.Base - Attempting to get navigated to URL: "http://www.flipkart.com"...
04:15:41.237 [main] INFO  MobileProgrammingLLC.Resources.Base - Navigation to site "http://www.flipkart.com" successful.
04:15:43.989 [main] DEBUG MobileProgrammingLLC.Resources.Base - Attempting to click on element: '[[io.appium.java_client.ios.IOSDriver, Capabilities: {automationName=XCuiTest, browserName=safari, databaseEnabled=false, deviceName=iPhone 8 Plus, javascriptEnabled=true, locationContextEnabled=false, networkConnectionEnabled=false, platform=MAC, platformName=iOS, platformVersion=11.3, takesScreenshot=true, udid=D4974371-3929-4089-A2D6-3781D8B5910B, webStorageEnabled=false}] -> css selector: div.DARYYB]'...
04:15:44.135 [main] INFO  MobileProgrammingLLC.Resources.Base - Element '[[io.appium.java_client.ios.IOSDriver, Capabilities: {automationName=XCuiTest, browserName=safari, databaseEnabled=false, deviceName=iPhone 8 Plus, javascriptEnabled=true, locationContextEnabled=false, networkConnectionEnabled=false, platform=MAC, platformName=iOS, platformVersion=11.3, takesScreenshot=true, udid=D4974371-3929-4089-A2D6-3781D8B5910B, webStorageEnabled=false}] -> css selector: div.DARYYB]' successfully clicked.
04:15:44.135 [main] WARN  MobileProgrammingLLC.Resources.Base - Sleep feature used. Liberal usage not advised.
04:15:49.941 [main] DEBUG MobileProgrammingLLC.Resources.Base - Attempting to click on element: '[[io.appium.java_client.ios.IOSDriver, Capabilities: {automationName=XCuiTest, browserName=safari, databaseEnabled=false, deviceName=iPhone 8 Plus, javascriptEnabled=true, locationContextEnabled=false, networkConnectionEnabled=false, platform=MAC, platformName=iOS, platformVersion=11.3, takesScreenshot=true, udid=D4974371-3929-4089-A2D6-3781D8B5910B, webStorageEnabled=false}] -> css selector: input.lzMbl5]'...
04:15:50.345 [main] INFO  MobileProgrammingLLC.Resources.Base - Element '[[io.appium.java_client.ios.IOSDriver, Capabilities: {automationName=XCuiTest, browserName=safari, databaseEnabled=false, deviceName=iPhone 8 Plus, javascriptEnabled=true, locationContextEnabled=false, networkConnectionEnabled=false, platform=MAC, platformName=iOS, platformVersion=11.3, takesScreenshot=true, udid=D4974371-3929-4089-A2D6-3781D8B5910B, webStorageEnabled=false}] -> css selector: input.lzMbl5]' successfully clicked.
04:15:51.216 [main] DEBUG MobileProgrammingLLC.Resources.Base - Attempting to send "iphone" to element "[[io.appium.java_client.ios.IOSDriver, Capabilities: {automationName=XCuiTest, browserName=safari, databaseEnabled=false, deviceName=iPhone 8 Plus, javascriptEnabled=true, locationContextEnabled=false, networkConnectionEnabled=false, platform=MAC, platformName=iOS, platformVersion=11.3, takesScreenshot=true, udid=D4974371-3929-4089-A2D6-3781D8B5910B, webStorageEnabled=false}] -> xpath: //input[@id='input-search']]"...
04:15:51.632 [main] INFO  MobileProgrammingLLC.Resources.Base - Content "iphone" entered successfully into element "[[io.appium.java_client.ios.IOSDriver, Capabilities: {automationName=XCuiTest, browserName=safari, databaseEnabled=false, deviceName=iPhone 8 Plus, javascriptEnabled=true, locationContextEnabled=false, networkConnectionEnabled=false, platform=MAC, platformName=iOS, platformVersion=11.3, takesScreenshot=true, udid=D4974371-3929-4089-A2D6-3781D8B5910B, webStorageEnabled=false}] -> xpath: //input[@id='input-search']]" and successfully submitted.
04:15:53.323 [main] DEBUG MobileProgrammingLLC.Resources.Base - Attempting to click on element: '[[io.appium.java_client.ios.IOSDriver, Capabilities: {automationName=XCuiTest, browserName=safari, databaseEnabled=false, deviceName=iPhone 8 Plus, javascriptEnabled=true, locationContextEnabled=false, networkConnectionEnabled=false, platform=MAC, platformName=iOS, platformVersion=11.3, takesScreenshot=true, udid=D4974371-3929-4089-A2D6-3781D8B5910B, webStorageEnabled=false}] -> xpath: //a[contains(@href,'dl.flipkart.com')]]'...
04:15:53.470 [main] INFO  MobileProgrammingLLC.Resources.Base - Element '[[io.appium.java_client.ios.IOSDriver, Capabilities: {automationName=XCuiTest, browserName=safari, databaseEnabled=false, deviceName=iPhone 8 Plus, javascriptEnabled=true, locationContextEnabled=false, networkConnectionEnabled=false, platform=MAC, platformName=iOS, platformVersion=11.3, takesScreenshot=true, udid=D4974371-3929-4089-A2D6-3781D8B5910B, webStorageEnabled=false}] -> xpath: //a[contains(@href,'dl.flipkart.com')]]' successfully clicked.
04:15:56.084 [main] DEBUG MobileProgrammingLLC.Resources.Base - Attempting to click on element: '[[io.appium.java_client.ios.IOSDriver, Capabilities: {automationName=XCuiTest, browserName=safari, databaseEnabled=false, deviceName=iPhone 8 Plus, javascriptEnabled=true, locationContextEnabled=false, networkConnectionEnabled=false, platform=MAC, platformName=iOS, platformVersion=11.3, takesScreenshot=true, udid=D4974371-3929-4089-A2D6-3781D8B5910B, webStorageEnabled=false}] -> xpath: //div[text()='Product Details']]'...
04:15:56.249 [main] INFO  MobileProgrammingLLC.Resources.Base - Element '[[io.appium.java_client.ios.IOSDriver, Capabilities: {automationName=XCuiTest, browserName=safari, databaseEnabled=false, deviceName=iPhone 8 Plus, javascriptEnabled=true, locationContextEnabled=false, networkConnectionEnabled=false, platform=MAC, platformName=iOS, platformVersion=11.3, takesScreenshot=true, udid=D4974371-3929-4089-A2D6-3781D8B5910B, webStorageEnabled=false}] -> xpath: //div[text()='Product Details']]' successfully clicked.
04:15:56.899 [main] DEBUG MobileProgrammingLLC.Resources.Base - Attempting to compare content "Apple iPhone 6s (Space Grey, 32 GB)" from "Apple iPhone 6s (Space Grey, 32 GB)" ...
04:15:56.899 [main] INFO  MobileProgrammingLLC.Resources.Base - Comparison Successful!
04:15:56.899 [main] INFO  MobileProgrammingLLC.Tests.Listeners - Script 'validatingAddToCartFunctionality' passed.
04:15:56.900 [main] INFO  MobileProgrammingLLC.Tests.Listeners - 
--------------------validatingAddToCartFunctionality--------------------

04:15:56.900 [main] DEBUG MobileProgrammingLLC.Resources.Base - Attempting to get navigated to URL: "http://www.flipkart.com"...
04:15:58.962 [main] INFO  MobileProgrammingLLC.Resources.Base - Navigation to site "http://www.flipkart.com" successful.
04:15:58.962 [main] WARN  MobileProgrammingLLC.Resources.Base - Sleep feature used. Liberal usage not advised.
04:16:05.041 [main] DEBUG MobileProgrammingLLC.Resources.Base - Attempting to click on element: '[[io.appium.java_client.ios.IOSDriver, Capabilities: {automationName=XCuiTest, browserName=safari, databaseEnabled=false, deviceName=iPhone 8 Plus, javascriptEnabled=true, locationContextEnabled=false, networkConnectionEnabled=false, platform=MAC, platformName=iOS, platformVersion=11.3, takesScreenshot=true, udid=D4974371-3929-4089-A2D6-3781D8B5910B, webStorageEnabled=false}] -> css selector: input.lzMbl5]'...
04:16:05.327 [main] INFO  MobileProgrammingLLC.Resources.Base - Element '[[io.appium.java_client.ios.IOSDriver, Capabilities: {automationName=XCuiTest, browserName=safari, databaseEnabled=false, deviceName=iPhone 8 Plus, javascriptEnabled=true, locationContextEnabled=false, networkConnectionEnabled=false, platform=MAC, platformName=iOS, platformVersion=11.3, takesScreenshot=true, udid=D4974371-3929-4089-A2D6-3781D8B5910B, webStorageEnabled=false}] -> css selector: input.lzMbl5]' successfully clicked.
04:16:06.228 [main] DEBUG MobileProgrammingLLC.Resources.Base - Attempting to send "laptop" to element "[[io.appium.java_client.ios.IOSDriver, Capabilities: {automationName=XCuiTest, browserName=safari, databaseEnabled=false, deviceName=iPhone 8 Plus, javascriptEnabled=true, locationContextEnabled=false, networkConnectionEnabled=false, platform=MAC, platformName=iOS, platformVersion=11.3, takesScreenshot=true, udid=D4974371-3929-4089-A2D6-3781D8B5910B, webStorageEnabled=false}] -> xpath: //input[@id='input-search']]"...
04:16:06.579 [main] INFO  MobileProgrammingLLC.Resources.Base - Content "laptop" entered successfully into element "[[io.appium.java_client.ios.IOSDriver, Capabilities: {automationName=XCuiTest, browserName=safari, databaseEnabled=false, deviceName=iPhone 8 Plus, javascriptEnabled=true, locationContextEnabled=false, networkConnectionEnabled=false, platform=MAC, platformName=iOS, platformVersion=11.3, takesScreenshot=true, udid=D4974371-3929-4089-A2D6-3781D8B5910B, webStorageEnabled=false}] -> xpath: //input[@id='input-search']]" and successfully submitted.
04:16:08.258 [main] DEBUG MobileProgrammingLLC.Resources.Base - Attempting to click on element: '[[io.appium.java_client.ios.IOSDriver, Capabilities: {automationName=XCuiTest, browserName=safari, databaseEnabled=false, deviceName=iPhone 8 Plus, javascriptEnabled=true, locationContextEnabled=false, networkConnectionEnabled=false, platform=MAC, platformName=iOS, platformVersion=11.3, takesScreenshot=true, udid=D4974371-3929-4089-A2D6-3781D8B5910B, webStorageEnabled=false}] -> xpath: //a[contains(@href,'dl.flipkart.com')]]'...
04:16:08.449 [main] INFO  MobileProgrammingLLC.Resources.Base - Element '[[io.appium.java_client.ios.IOSDriver, Capabilities: {automationName=XCuiTest, browserName=safari, databaseEnabled=false, deviceName=iPhone 8 Plus, javascriptEnabled=true, locationContextEnabled=false, networkConnectionEnabled=false, platform=MAC, platformName=iOS, platformVersion=11.3, takesScreenshot=true, udid=D4974371-3929-4089-A2D6-3781D8B5910B, webStorageEnabled=false}] -> xpath: //a[contains(@href,'dl.flipkart.com')]]' successfully clicked.
04:16:10.798 [main] DEBUG MobileProgrammingLLC.Resources.Base - Attempting to click on element: '[[io.appium.java_client.ios.IOSDriver, Capabilities: {automationName=XCuiTest, browserName=safari, databaseEnabled=false, deviceName=iPhone 8 Plus, javascriptEnabled=true, locationContextEnabled=false, networkConnectionEnabled=false, platform=MAC, platformName=iOS, platformVersion=11.3, takesScreenshot=true, udid=D4974371-3929-4089-A2D6-3781D8B5910B, webStorageEnabled=false}] -> xpath: //div[text()='Product Details']]'...
04:16:11.016 [main] INFO  MobileProgrammingLLC.Resources.Base - Element '[[io.appium.java_client.ios.IOSDriver, Capabilities: {automationName=XCuiTest, browserName=safari, databaseEnabled=false, deviceName=iPhone 8 Plus, javascriptEnabled=true, locationContextEnabled=false, networkConnectionEnabled=false, platform=MAC, platformName=iOS, platformVersion=11.3, takesScreenshot=true, udid=D4974371-3929-4089-A2D6-3781D8B5910B, webStorageEnabled=false}] -> xpath: //div[text()='Product Details']]' successfully clicked.
04:16:11.670 [main] DEBUG MobileProgrammingLLC.Resources.Base - Attempting to compare content "HP 14q Core i3 7th Gen - (4 GB/1 TB HDD/DOS) 14q-cs0009TU Thin and Light Laptop" from "HP 14q Core i3 7th Gen - (4 GB/1 TB HDD/DOS) 14q-cs0009TU Thin and Light Laptop" ...
04:16:11.670 [main] INFO  MobileProgrammingLLC.Resources.Base - Comparison Successful!
04:16:11.671 [main] INFO  MobileProgrammingLLC.Tests.Listeners - Script 'validatingAddToCartFunctionality' passed.
04:16:11.671 [main] DEBUG MobileProgrammingLLC.Resources.Base - Attempting to quit the driver...
04:16:11.973 [main] INFO  MobileProgrammingLLC.Resources.Base - Driver successfully quitted.
04:16:12.070 [main] INFO  MobileProgrammingLLC.Tests.Listeners - 
--------------------Test1--------------------

23:44:03.108 [main] INFO  MobileProgrammingLLC.Tests.Listeners - 
--------------------Test1--------------------

23:44:03.150 [main] INFO  MobileProgrammingLLC.Tests.Amazon_SigningIn - Initializing Configurations...
23:44:03.150 [main] DEBUG MobileProgrammingLLC.Resources.Base - Loading locators...
23:44:03.169 [main] INFO  MobileProgrammingLLC.Resources.Base - Locators successfully loaded.
23:44:03.170 [main] DEBUG MobileProgrammingLLC.Resources.Base - Loading config file...
23:44:03.192 [main] INFO  MobileProgrammingLLC.Resources.Base - Config file successfully loaded.
23:44:03.192 [main] DEBUG MobileProgrammingLLC.Resources.Base - Loading data...
23:44:03.192 [main] INFO  MobileProgrammingLLC.Resources.Base - Data successfully loaded.
23:44:03.246 [main] DEBUG MobileProgrammingLLC.Resources.Base - Starting Appium Server...
23:44:12.891 [main] INFO  MobileProgrammingLLC.Resources.Base - Server successfully started.
23:44:12.892 [main] DEBUG MobileProgrammingLLC.Resources.Base - Setting Capabilities...
23:44:12.897 [main] INFO  MobileProgrammingLLC.Resources.Base - Capabilities Successfully set.
23:44:12.897 [main] DEBUG MobileProgrammingLLC.Resources.Base - Invoking the Browser...
23:44:12.897 [main] INFO  MobileProgrammingLLC.Resources.Base - Browser successfully invoked.
23:44:12.897 [main] DEBUG MobileProgrammingLLC.Resources.Base - Creating connection with Appium Server...
23:44:48.590 [main] INFO  MobileProgrammingLLC.Resources.Base - Connection successfully created.
23:44:48.613 [main] DEBUG MobileProgrammingLLC.Resources.Base - Attempting to get navigated to URL: "http://www.amazon.in"...
23:44:51.606 [main] INFO  MobileProgrammingLLC.Resources.Base - Navigation to site "http://www.amazon.in" successful.
23:44:51.670 [main] INFO  MobileProgrammingLLC.Tests.Amazon_SigningIn - Configurations Successfully Initialized.
23:44:51.686 [main] INFO  MobileProgrammingLLC.Tests.Listeners - 
--------------------navigateToSignInPage--------------------

23:44:55.642 [main] DEBUG MobileProgrammingLLC.Resources.Base - Attempting to click on element: '[[io.appium.java_client.ios.IOSDriver, Capabilities: {automationName=XCuiTest, browserName=safari, databaseEnabled=false, deviceName=iPhone 8 Plus, javascriptEnabled=true, locationContextEnabled=false, networkConnectionEnabled=false, platform=MAC, platformName=iOS, platformVersion=11.3, takesScreenshot=true, udid=D4974371-3929-4089-A2D6-3781D8B5910B, webStorageEnabled=false}] -> xpath: //a[@id='nav-hamburger-menu']]'...
23:44:56.168 [main] INFO  MobileProgrammingLLC.Resources.Base - Element '[[io.appium.java_client.ios.IOSDriver, Capabilities: {automationName=XCuiTest, browserName=safari, databaseEnabled=false, deviceName=iPhone 8 Plus, javascriptEnabled=true, locationContextEnabled=false, networkConnectionEnabled=false, platform=MAC, platformName=iOS, platformVersion=11.3, takesScreenshot=true, udid=D4974371-3929-4089-A2D6-3781D8B5910B, webStorageEnabled=false}] -> xpath: //a[@id='nav-hamburger-menu']]' successfully clicked.
23:44:56.168 [main] DEBUG MobileProgrammingLLC.Resources.Base - Trying to scroll the page...
23:44:56.316 [main] INFO  MobileProgrammingLLC.Resources.Base - Page Scrolled Successfully.
23:44:56.317 [main] WARN  MobileProgrammingLLC.Resources.Base - Sleep feature used. Liberal usage not advised.
23:45:00.295 [main] DEBUG MobileProgrammingLLC.Resources.Base - Attempting to click on element: '[[io.appium.java_client.ios.IOSDriver, Capabilities: {automationName=XCuiTest, browserName=safari, databaseEnabled=false, deviceName=iPhone 8 Plus, javascriptEnabled=true, locationContextEnabled=false, networkConnectionEnabled=false, platform=MAC, platformName=iOS, platformVersion=11.3, takesScreenshot=true, udid=D4974371-3929-4089-A2D6-3781D8B5910B, webStorageEnabled=false}] -> xpath: //div[text()='
              Sign In
            ']]'...
23:45:00.480 [main] INFO  MobileProgrammingLLC.Resources.Base - Element '[[io.appium.java_client.ios.IOSDriver, Capabilities: {automationName=XCuiTest, browserName=safari, databaseEnabled=false, deviceName=iPhone 8 Plus, javascriptEnabled=true, locationContextEnabled=false, networkConnectionEnabled=false, platform=MAC, platformName=iOS, platformVersion=11.3, takesScreenshot=true, udid=D4974371-3929-4089-A2D6-3781D8B5910B, webStorageEnabled=false}] -> xpath: //div[text()='
              Sign In
            ']]' successfully clicked.
23:45:00.480 [main] INFO  MobileProgrammingLLC.Tests.Listeners - Script 'navigateToSignInPage' passed.
23:45:00.483 [main] INFO  MobileProgrammingLLC.Tests.Listeners - 
--------------------verifySignInErrorMsg--------------------

23:45:02.962 [main] DEBUG MobileProgrammingLLC.Resources.Base - Attempting to send "love.vashista@mobileprogramming.net" to element "[[io.appium.java_client.ios.IOSDriver, Capabilities: {automationName=XCuiTest, browserName=safari, databaseEnabled=false, deviceName=iPhone 8 Plus, javascriptEnabled=true, locationContextEnabled=false, networkConnectionEnabled=false, platform=MAC, platformName=iOS, platformVersion=11.3, takesScreenshot=true, udid=D4974371-3929-4089-A2D6-3781D8B5910B, webStorageEnabled=false}] -> id: ap_email_login]"...
23:45:03.524 [main] INFO  MobileProgrammingLLC.Resources.Base - Content "love.vashista@mobileprogramming.net" entered successfully into element "[[io.appium.java_client.ios.IOSDriver, Capabilities: {automationName=XCuiTest, browserName=safari, databaseEnabled=false, deviceName=iPhone 8 Plus, javascriptEnabled=true, locationContextEnabled=false, networkConnectionEnabled=false, platform=MAC, platformName=iOS, platformVersion=11.3, takesScreenshot=true, udid=D4974371-3929-4089-A2D6-3781D8B5910B, webStorageEnabled=false}] -> id: ap_email_login]"
23:45:03.524 [main] WARN  MobileProgrammingLLC.Resources.Base - Sleep feature used. Liberal usage not advised.
23:45:07.458 [main] DEBUG MobileProgrammingLLC.Resources.Base - Attempting to click on element: '[[io.appium.java_client.ios.IOSDriver, Capabilities: {automationName=XCuiTest, browserName=safari, databaseEnabled=false, deviceName=iPhone 8 Plus, javascriptEnabled=true, locationContextEnabled=false, networkConnectionEnabled=false, platform=MAC, platformName=iOS, platformVersion=11.3, takesScreenshot=true, udid=D4974371-3929-4089-A2D6-3781D8B5910B, webStorageEnabled=false}] -> xpath: //input[@aria-labelledby='continue-announce']]'...
23:45:07.801 [main] INFO  MobileProgrammingLLC.Resources.Base - Element '[[io.appium.java_client.ios.IOSDriver, Capabilities: {automationName=XCuiTest, browserName=safari, databaseEnabled=false, deviceName=iPhone 8 Plus, javascriptEnabled=true, locationContextEnabled=false, networkConnectionEnabled=false, platform=MAC, platformName=iOS, platformVersion=11.3, takesScreenshot=true, udid=D4974371-3929-4089-A2D6-3781D8B5910B, webStorageEnabled=false}] -> xpath: //input[@aria-labelledby='continue-announce']]' successfully clicked.
23:45:09.588 [main] DEBUG MobileProgrammingLLC.Resources.Base - Attempting to compare content returned by "[[io.appium.java_client.ios.IOSDriver, Capabilities: {automationName=XCuiTest, browserName=safari, databaseEnabled=false, deviceName=iPhone 8 Plus, javascriptEnabled=true, locationContextEnabled=false, networkConnectionEnabled=false, platform=MAC, platformName=iOS, platformVersion=11.3, takesScreenshot=true, udid=D4974371-3929-4089-A2D6-3781D8B5910B, webStorageEnabled=false}] -> css selector: span.a-list-item]" from "We cannot find an account with that email address" ...
23:45:09.708 [main] INFO  MobileProgrammingLLC.Resources.Base - Comparison Successful!
23:45:09.708 [main] INFO  MobileProgrammingLLC.Tests.Listeners - Script 'verifySignInErrorMsg' passed.
23:45:09.708 [main] DEBUG MobileProgrammingLLC.Resources.Base - Attempting to quit the driver...
23:45:10.016 [main] INFO  MobileProgrammingLLC.Resources.Base - Driver successfully quitted.
23:45:10.040 [main] DEBUG MobileProgrammingLLC.Resources.Base - Loading locators...
23:45:10.040 [main] INFO  MobileProgrammingLLC.Resources.Base - Locators successfully loaded.
23:45:10.040 [main] DEBUG MobileProgrammingLLC.Resources.Base - Loading config file...
23:45:10.041 [main] INFO  MobileProgrammingLLC.Resources.Base - Config file successfully loaded.
23:45:10.041 [main] DEBUG MobileProgrammingLLC.Resources.Base - Loading data...
23:45:10.041 [main] INFO  MobileProgrammingLLC.Resources.Base - Data successfully loaded.
23:45:10.068 [main] DEBUG MobileProgrammingLLC.Resources.Base - Starting Appium Server...
23:45:19.839 [main] INFO  MobileProgrammingLLC.Resources.Base - Server successfully started.
23:45:19.839 [main] DEBUG MobileProgrammingLLC.Resources.Base - Setting Capabilities...
23:45:19.839 [main] INFO  MobileProgrammingLLC.Resources.Base - Capabilities Successfully set.
23:45:19.839 [main] DEBUG MobileProgrammingLLC.Resources.Base - Invoking the Browser...
23:45:19.839 [main] INFO  MobileProgrammingLLC.Resources.Base - Browser successfully invoked.
23:45:19.839 [main] DEBUG MobileProgrammingLLC.Resources.Base - Creating connection with Appium Server...
23:45:26.850 [main] INFO  MobileProgrammingLLC.Resources.Base - Connection successfully created.
23:45:26.912 [main] INFO  MobileProgrammingLLC.Tests.Listeners - 
--------------------validatingAddToCartFunctionality--------------------

23:45:26.913 [main] DEBUG MobileProgrammingLLC.Resources.Base - Attempting to get navigated to URL: "http://www.flipkart.com"...
23:45:29.550 [main] INFO  MobileProgrammingLLC.Resources.Base - Navigation to site "http://www.flipkart.com" successful.
23:45:32.419 [main] DEBUG MobileProgrammingLLC.Resources.Base - Attempting to click on element: '[[io.appium.java_client.ios.IOSDriver, Capabilities: {automationName=XCuiTest, browserName=safari, databaseEnabled=false, deviceName=iPhone 8 Plus, javascriptEnabled=true, locationContextEnabled=false, networkConnectionEnabled=false, platform=MAC, platformName=iOS, platformVersion=11.3, takesScreenshot=true, udid=D4974371-3929-4089-A2D6-3781D8B5910B, webStorageEnabled=false}] -> css selector: div.DARYYB]'...
23:45:32.561 [main] INFO  MobileProgrammingLLC.Resources.Base - Element '[[io.appium.java_client.ios.IOSDriver, Capabilities: {automationName=XCuiTest, browserName=safari, databaseEnabled=false, deviceName=iPhone 8 Plus, javascriptEnabled=true, locationContextEnabled=false, networkConnectionEnabled=false, platform=MAC, platformName=iOS, platformVersion=11.3, takesScreenshot=true, udid=D4974371-3929-4089-A2D6-3781D8B5910B, webStorageEnabled=false}] -> css selector: div.DARYYB]' successfully clicked.
23:45:32.562 [main] WARN  MobileProgrammingLLC.Resources.Base - Sleep feature used. Liberal usage not advised.
23:45:38.382 [main] DEBUG MobileProgrammingLLC.Resources.Base - Attempting to click on element: '[[io.appium.java_client.ios.IOSDriver, Capabilities: {automationName=XCuiTest, browserName=safari, databaseEnabled=false, deviceName=iPhone 8 Plus, javascriptEnabled=true, locationContextEnabled=false, networkConnectionEnabled=false, platform=MAC, platformName=iOS, platformVersion=11.3, takesScreenshot=true, udid=D4974371-3929-4089-A2D6-3781D8B5910B, webStorageEnabled=false}] -> css selector: input.lzMbl5]'...
23:45:38.652 [main] INFO  MobileProgrammingLLC.Resources.Base - Element '[[io.appium.java_client.ios.IOSDriver, Capabilities: {automationName=XCuiTest, browserName=safari, databaseEnabled=false, deviceName=iPhone 8 Plus, javascriptEnabled=true, locationContextEnabled=false, networkConnectionEnabled=false, platform=MAC, platformName=iOS, platformVersion=11.3, takesScreenshot=true, udid=D4974371-3929-4089-A2D6-3781D8B5910B, webStorageEnabled=false}] -> css selector: input.lzMbl5]' successfully clicked.
23:45:39.507 [main] DEBUG MobileProgrammingLLC.Resources.Base - Attempting to send "iphone" to element "[[io.appium.java_client.ios.IOSDriver, Capabilities: {automationName=XCuiTest, browserName=safari, databaseEnabled=false, deviceName=iPhone 8 Plus, javascriptEnabled=true, locationContextEnabled=false, networkConnectionEnabled=false, platform=MAC, platformName=iOS, platformVersion=11.3, takesScreenshot=true, udid=D4974371-3929-4089-A2D6-3781D8B5910B, webStorageEnabled=false}] -> xpath: //input[@id='input-search']]"...
23:45:40.603 [main] INFO  MobileProgrammingLLC.Resources.Base - Content "iphone" entered successfully into element "[[io.appium.java_client.ios.IOSDriver, Capabilities: {automationName=XCuiTest, browserName=safari, databaseEnabled=false, deviceName=iPhone 8 Plus, javascriptEnabled=true, locationContextEnabled=false, networkConnectionEnabled=false, platform=MAC, platformName=iOS, platformVersion=11.3, takesScreenshot=true, udid=D4974371-3929-4089-A2D6-3781D8B5910B, webStorageEnabled=false}] -> xpath: //input[@id='input-search']]" and successfully submitted.
23:45:41.707 [main] DEBUG MobileProgrammingLLC.Resources.Base - Attempting to click on element: '[[io.appium.java_client.ios.IOSDriver, Capabilities: {automationName=XCuiTest, browserName=safari, databaseEnabled=false, deviceName=iPhone 8 Plus, javascriptEnabled=true, locationContextEnabled=false, networkConnectionEnabled=false, platform=MAC, platformName=iOS, platformVersion=11.3, takesScreenshot=true, udid=D4974371-3929-4089-A2D6-3781D8B5910B, webStorageEnabled=false}] -> xpath: //a[contains(@href,'dl.flipkart.com')]]'...
23:45:41.856 [main] INFO  MobileProgrammingLLC.Resources.Base - Element '[[io.appium.java_client.ios.IOSDriver, Capabilities: {automationName=XCuiTest, browserName=safari, databaseEnabled=false, deviceName=iPhone 8 Plus, javascriptEnabled=true, locationContextEnabled=false, networkConnectionEnabled=false, platform=MAC, platformName=iOS, platformVersion=11.3, takesScreenshot=true, udid=D4974371-3929-4089-A2D6-3781D8B5910B, webStorageEnabled=false}] -> xpath: //a[contains(@href,'dl.flipkart.com')]]' successfully clicked.
23:45:44.721 [main] DEBUG MobileProgrammingLLC.Resources.Base - Attempting to click on element: '[[io.appium.java_client.ios.IOSDriver, Capabilities: {automationName=XCuiTest, browserName=safari, databaseEnabled=false, deviceName=iPhone 8 Plus, javascriptEnabled=true, locationContextEnabled=false, networkConnectionEnabled=false, platform=MAC, platformName=iOS, platformVersion=11.3, takesScreenshot=true, udid=D4974371-3929-4089-A2D6-3781D8B5910B, webStorageEnabled=false}] -> xpath: //div[text()='Product Details']]'...
23:45:44.908 [main] INFO  MobileProgrammingLLC.Resources.Base - Element '[[io.appium.java_client.ios.IOSDriver, Capabilities: {automationName=XCuiTest, browserName=safari, databaseEnabled=false, deviceName=iPhone 8 Plus, javascriptEnabled=true, locationContextEnabled=false, networkConnectionEnabled=false, platform=MAC, platformName=iOS, platformVersion=11.3, takesScreenshot=true, udid=D4974371-3929-4089-A2D6-3781D8B5910B, webStorageEnabled=false}] -> xpath: //div[text()='Product Details']]' successfully clicked.
23:45:46.112 [main] DEBUG MobileProgrammingLLC.Resources.Base - Attempting to compare content "Apple iPhone XR (Black, 128 GB)" from "Apple iPhone XR (Black, 128 GB)" ...
23:45:46.113 [main] INFO  MobileProgrammingLLC.Resources.Base - Comparison Successful!
23:45:46.113 [main] INFO  MobileProgrammingLLC.Tests.Listeners - Script 'validatingAddToCartFunctionality' passed.
23:45:46.114 [main] INFO  MobileProgrammingLLC.Tests.Listeners - 
--------------------validatingAddToCartFunctionality--------------------

23:45:46.114 [main] DEBUG MobileProgrammingLLC.Resources.Base - Attempting to get navigated to URL: "http://www.flipkart.com"...
23:45:48.193 [main] INFO  MobileProgrammingLLC.Resources.Base - Navigation to site "http://www.flipkart.com" successful.
23:45:48.193 [main] WARN  MobileProgrammingLLC.Resources.Base - Sleep feature used. Liberal usage not advised.
23:45:54.079 [main] DEBUG MobileProgrammingLLC.Resources.Base - Attempting to click on element: '[[io.appium.java_client.ios.IOSDriver, Capabilities: {automationName=XCuiTest, browserName=safari, databaseEnabled=false, deviceName=iPhone 8 Plus, javascriptEnabled=true, locationContextEnabled=false, networkConnectionEnabled=false, platform=MAC, platformName=iOS, platformVersion=11.3, takesScreenshot=true, udid=D4974371-3929-4089-A2D6-3781D8B5910B, webStorageEnabled=false}] -> css selector: input.lzMbl5]'...
23:45:54.388 [main] INFO  MobileProgrammingLLC.Resources.Base - Element '[[io.appium.java_client.ios.IOSDriver, Capabilities: {automationName=XCuiTest, browserName=safari, databaseEnabled=false, deviceName=iPhone 8 Plus, javascriptEnabled=true, locationContextEnabled=false, networkConnectionEnabled=false, platform=MAC, platformName=iOS, platformVersion=11.3, takesScreenshot=true, udid=D4974371-3929-4089-A2D6-3781D8B5910B, webStorageEnabled=false}] -> css selector: input.lzMbl5]' successfully clicked.
23:45:55.279 [main] DEBUG MobileProgrammingLLC.Resources.Base - Attempting to send "laptop" to element "[[io.appium.java_client.ios.IOSDriver, Capabilities: {automationName=XCuiTest, browserName=safari, databaseEnabled=false, deviceName=iPhone 8 Plus, javascriptEnabled=true, locationContextEnabled=false, networkConnectionEnabled=false, platform=MAC, platformName=iOS, platformVersion=11.3, takesScreenshot=true, udid=D4974371-3929-4089-A2D6-3781D8B5910B, webStorageEnabled=false}] -> xpath: //input[@id='input-search']]"...
23:45:55.650 [main] INFO  MobileProgrammingLLC.Resources.Base - Content "laptop" entered successfully into element "[[io.appium.java_client.ios.IOSDriver, Capabilities: {automationName=XCuiTest, browserName=safari, databaseEnabled=false, deviceName=iPhone 8 Plus, javascriptEnabled=true, locationContextEnabled=false, networkConnectionEnabled=false, platform=MAC, platformName=iOS, platformVersion=11.3, takesScreenshot=true, udid=D4974371-3929-4089-A2D6-3781D8B5910B, webStorageEnabled=false}] -> xpath: //input[@id='input-search']]" and successfully submitted.
23:45:57.403 [main] DEBUG MobileProgrammingLLC.Resources.Base - Attempting to click on element: '[[io.appium.java_client.ios.IOSDriver, Capabilities: {automationName=XCuiTest, browserName=safari, databaseEnabled=false, deviceName=iPhone 8 Plus, javascriptEnabled=true, locationContextEnabled=false, networkConnectionEnabled=false, platform=MAC, platformName=iOS, platformVersion=11.3, takesScreenshot=true, udid=D4974371-3929-4089-A2D6-3781D8B5910B, webStorageEnabled=false}] -> xpath: //a[contains(@href,'dl.flipkart.com')]]'...
23:45:57.571 [main] INFO  MobileProgrammingLLC.Resources.Base - Element '[[io.appium.java_client.ios.IOSDriver, Capabilities: {automationName=XCuiTest, browserName=safari, databaseEnabled=false, deviceName=iPhone 8 Plus, javascriptEnabled=true, locationContextEnabled=false, networkConnectionEnabled=false, platform=MAC, platformName=iOS, platformVersion=11.3, takesScreenshot=true, udid=D4974371-3929-4089-A2D6-3781D8B5910B, webStorageEnabled=false}] -> xpath: //a[contains(@href,'dl.flipkart.com')]]' successfully clicked.
23:46:00.021 [main] DEBUG MobileProgrammingLLC.Resources.Base - Attempting to click on element: '[[io.appium.java_client.ios.IOSDriver, Capabilities: {automationName=XCuiTest, browserName=safari, databaseEnabled=false, deviceName=iPhone 8 Plus, javascriptEnabled=true, locationContextEnabled=false, networkConnectionEnabled=false, platform=MAC, platformName=iOS, platformVersion=11.3, takesScreenshot=true, udid=D4974371-3929-4089-A2D6-3781D8B5910B, webStorageEnabled=false}] -> xpath: //div[text()='Product Details']]'...
23:46:00.310 [main] INFO  MobileProgrammingLLC.Resources.Base - Element '[[io.appium.java_client.ios.IOSDriver, Capabilities: {automationName=XCuiTest, browserName=safari, databaseEnabled=false, deviceName=iPhone 8 Plus, javascriptEnabled=true, locationContextEnabled=false, networkConnectionEnabled=false, platform=MAC, platformName=iOS, platformVersion=11.3, takesScreenshot=true, udid=D4974371-3929-4089-A2D6-3781D8B5910B, webStorageEnabled=false}] -> xpath: //div[text()='Product Details']]' successfully clicked.
23:46:01.401 [main] DEBUG MobileProgrammingLLC.Resources.Base - Attempting to compare content "Lenovo Ideapad 330 Core i5 8th Gen - (8 GB/1 TB HDD/DOS/2 GB Graphics) 330-15IKB Laptop" from "Lenovo Ideapad 330 Core i5 8th Gen - (8 GB/1 TB HDD/DOS/2 GB Graphics) 330-15IKB Laptop" ...
23:46:01.402 [main] INFO  MobileProgrammingLLC.Resources.Base - Comparison Successful!
23:46:01.402 [main] INFO  MobileProgrammingLLC.Tests.Listeners - Script 'validatingAddToCartFunctionality' passed.
23:46:01.402 [main] DEBUG MobileProgrammingLLC.Resources.Base - Attempting to quit the driver...
23:46:01.693 [main] INFO  MobileProgrammingLLC.Resources.Base - Driver successfully quitted.
23:46:01.765 [main] INFO  MobileProgrammingLLC.Tests.Listeners - 
--------------------Test1--------------------

